290  [main] INFO  i.g.bonigarcia.wdm.WebDriverManager -- Using chromedriver 144.0.7559.133 (resolved driver for Chrome 144)
297  [main] INFO  i.g.bonigarcia.wdm.WebDriverManager -- Exporting webdriver.chrome.driver as /Users/hannakozlianska/.cache/selenium/chromedriver/mac-arm64/144.0.7559.133/chromedriver
25407 [main] ERROR com.demoqa.utils.MyTestWatcher -- The method !!!Optional[public void com.demoqa.tests.ElementsTests.copyPastTest()]!!! is FAILED
25407 [main] ERROR com.demoqa.utils.MyTestWatcher -- Expected condition failed: waiting for element to be clickable, but the element was not found: org.openqa.selenium.NoSuchElementException: no such element: Unable to locate element: {"method":"css selector","selector":"#submit\ "}.
(tried for 5 seconds with 500 milliseconds interval)
Build info: version: '4.40.0', revision: 'b3333f1'
System info: os.name: 'Mac OS X', os.arch: 'aarch64', os.version: '15.7.3', java.version: '21'
Driver info: org.openqa.selenium.chrome.ChromeDriver
Capabilities {acceptInsecureCerts: false, browserName: chrome, browserVersion: 144.0.7559.112, chrome: {chromedriverVersion: 144.0.7559.133 (7da823b1d59..., userDataDir: /var/folders/rp/n1b0yk_1095...}, fedcm:accounts: true, goog:chromeOptions: {debuggerAddress: localhost:49753}, goog:processID: 2690, networkConnectionEnabled: false, pageLoadStrategy: normal, platformName: mac, proxy: Proxy(), se:cdp: ws://localhost:49753/devtoo..., se:cdpVersion: 144.0.7559.112, setWindowRect: true, strictFileInteractability: false, timeouts: {implicit: 0, pageLoad: 300000, script: 30000}, unhandledPromptBehavior: dismiss and notify, webauthn:extension:credBlob: true, webauthn:extension:largeBlob: true, webauthn:extension:minPinLength: true, webauthn:extension:prf: true, webauthn:virtualAuthenticators: true}
Session ID: 857c857d47b9d8b054dc6720493ee0b0
25408 [main] INFO  com.demoqa.utils.MyTestWatcher -- **************************************************
